<?xml version="1.0" encoding="UTF-8"?>
<!-- Generated by org.testng.reporters.JUnitReportReporter -->
<testsuite hostname="rohitpunekar" failures="0" tests="5" name="tests.TestCases" time="11.679" errors="0" timestamp="2024-11-17T00:19:26 IST" skipped="0">
  <testcase classname="tests.TestCases" name="get_access_token" time="7.416"/>
  <testcase classname="tests.TestCases" name="access_endpoint" time="1.639"/>
  <testcase classname="tests.TestCases" name="webAutomation_details" time="0.953"/>
  <testcase classname="tests.TestCases" name="webAutomation_prices" time="0.947"/>
  <testcase classname="tests.TestCases" name="validate_courseTitles" time="0.724"/>
</testsuite> <!-- tests.TestCases -->
